This file contains any messages produced by compilers while
running configure, to aid debugging if configure makes a mistake.

It was created by perceus configure 1.6.0, which was
generated by GNU Autoconf 2.67.  Invocation command line was

  $ ./configure --prefix=/usr

## --------- ##
## Platform. ##
## --------- ##

hostname = gravityos
uname -m = x86_64
uname -r = 2.6.32-5-amd64
uname -s = Linux
uname -v = #1 SMP Mon Oct 3 03:59:20 UTC 2011

/usr/bin/uname -p = unknown
/bin/uname -X     = unknown

/bin/arch              = unknown
/usr/bin/arch -k       = unknown
/usr/convex/getsysinfo = unknown
/usr/bin/hostinfo      = unknown
/bin/machine           = unknown
/usr/bin/oslevel       = unknown
/bin/universe          = unknown

PATH: /usr/local/sbin
PATH: /usr/local/bin
PATH: /usr/sbin
PATH: /usr/bin
PATH: /sbin
PATH: /bin


## ----------- ##
## Core tests. ##
## ----------- ##

configure:2391: checking for a BSD-compatible install
configure:2459: result: /usr/bin/install -c
configure:2472: checking whether build environment is sane
configure:2522: result: yes
configure:2663: checking for a thread-safe mkdir -p
configure:2702: result: /bin/mkdir -p
configure:2715: checking for gawk
configure:2731: found /usr/bin/gawk
configure:2742: result: gawk
configure:2753: checking whether make sets $(MAKE)
configure:2775: result: yes
configure:2884: checking build system type
configure:2898: result: x86_64-unknown-linux-gnu
configure:2918: checking host system type
configure:2931: result: x86_64-unknown-linux-gnu
configure:2963: checking for style of include used by make
configure:2991: result: GNU
configure:3061: checking for gcc
configure:3077: found /usr/bin/gcc
configure:3088: result: gcc
configure:3317: checking for C compiler version
configure:3326: gcc --version >&5
gcc (Debian 4.4.5-8) 4.4.5
Copyright (C) 2010 Free Software Foundation, Inc.
This is free software; see the source for copying conditions.  There is NO
warranty; not even for MERCHANTABILITY or FITNESS FOR A PARTICULAR PURPOSE.

configure:3337: $? = 0
configure:3326: gcc -v >&5
Using built-in specs.
Target: x86_64-linux-gnu
Configured with: ../src/configure -v --with-pkgversion='Debian 4.4.5-8' --with-bugurl=file:///usr/share/doc/gcc-4.4/README.Bugs --enable-languages=c,c++,fortran,objc,obj-c++ --prefix=/usr --program-suffix=-4.4 --enable-shared --enable-multiarch --enable-linker-build-id --with-system-zlib --libexecdir=/usr/lib --without-included-gettext --enable-threads=posix --with-gxx-include-dir=/usr/include/c++/4.4 --libdir=/usr/lib --enable-nls --enable-clocale=gnu --enable-libstdcxx-debug --enable-objc-gc --with-arch-32=i586 --with-tune=generic --enable-checking=release --build=x86_64-linux-gnu --host=x86_64-linux-gnu --target=x86_64-linux-gnu
Thread model: posix
gcc version 4.4.5 (Debian 4.4.5-8) 
configure:3337: $? = 0
configure:3326: gcc -V >&5
gcc: '-V' option must have argument
configure:3337: $? = 1
configure:3326: gcc -qversion >&5
gcc: unrecognized option '-qversion'
gcc: no input files
configure:3337: $? = 1
configure:3357: checking whether the C compiler works
configure:3379: gcc -g -O2   conftest.c  >&5
configure:3383: $? = 0
configure:3431: result: yes
configure:3434: checking for C compiler default output file name
configure:3436: result: a.out
configure:3442: checking for suffix of executables
configure:3449: gcc -o conftest -g -O2   conftest.c  >&5
configure:3453: $? = 0
configure:3475: result: 
configure:3497: checking whether we are cross compiling
configure:3505: gcc -o conftest -g -O2   conftest.c  >&5
configure:3509: $? = 0
configure:3516: ./conftest
configure:3520: $? = 0
configure:3535: result: no
configure:3540: checking for suffix of object files
configure:3562: gcc -c -g -O2  conftest.c >&5
configure:3566: $? = 0
configure:3587: result: o
configure:3591: checking whether we are using the GNU C compiler
configure:3610: gcc -c -g -O2  conftest.c >&5
configure:3610: $? = 0
configure:3619: result: yes
configure:3628: checking whether gcc accepts -g
configure:3648: gcc -c -g  conftest.c >&5
configure:3648: $? = 0
configure:3689: result: yes
configure:3706: checking for gcc option to accept ISO C89
configure:3770: gcc  -c -g -O2  conftest.c >&5
configure:3770: $? = 0
configure:3783: result: none needed
configure:3805: checking dependency style of gcc
configure:3915: result: gcc3
configure:3930: checking for a sed that does not truncate output
configure:3994: result: /bin/sed
configure:4012: checking for grep that handles long lines and -e
configure:4070: result: /bin/grep
configure:4075: checking for egrep
configure:4137: result: /bin/grep -E
configure:4142: checking for fgrep
configure:4204: result: /bin/grep -F
configure:4239: checking for ld used by gcc
configure:4306: result: /usr/bin/ld
configure:4313: checking if the linker (/usr/bin/ld) is GNU ld
configure:4328: result: yes
configure:4340: checking for BSD- or MS-compatible name lister (nm)
configure:4389: result: /usr/bin/nm -B
configure:4507: checking the name lister (/usr/bin/nm -B) interface
configure:4514: gcc -c -g -O2  conftest.c >&5
configure:4517: /usr/bin/nm -B "conftest.o"
configure:4520: output
0000000000000000 B some_variable
configure:4527: result: BSD nm
configure:4530: checking whether ln -s works
configure:4534: result: yes
configure:4542: checking the maximum length of command line arguments
configure:4662: result: 3458764513820540925
configure:4679: checking whether the shell understands some XSI constructs
configure:4689: result: yes
configure:4693: checking whether the shell understands "+="
configure:4699: result: yes
configure:4734: checking for /usr/bin/ld option to reload object files
configure:4741: result: -r
configure:4810: checking for objdump
configure:4826: found /usr/bin/objdump
configure:4837: result: objdump
configure:4869: checking how to recognize dependent libraries
configure:5065: result: pass_all
configure:5125: checking for ar
configure:5141: found /usr/bin/ar
configure:5152: result: ar
configure:5230: checking for strip
configure:5246: found /usr/bin/strip
configure:5257: result: strip
configure:5329: checking for ranlib
configure:5345: found /usr/bin/ranlib
configure:5356: result: ranlib
configure:5446: checking command to parse /usr/bin/nm -B output from gcc object
configure:5564: gcc -c -g -O2  conftest.c >&5
configure:5567: $? = 0
configure:5571: /usr/bin/nm -B conftest.o \| sed -n -e 's/^.*[	 ]\([ABCDGIRSTW][ABCDGIRSTW]*\)[	 ][	 ]*\([_A-Za-z][_A-Za-z0-9]*\)$/\1 \2 \2/p' \> conftest.nm
configure:5574: $? = 0
configure:5628: gcc -o conftest -g -O2   conftest.c conftstm.o >&5
configure:5631: $? = 0
configure:5669: result: ok
configure:5765: gcc -c -g -O2  conftest.c >&5
configure:5768: $? = 0
configure:6478: checking how to run the C preprocessor
configure:6509: gcc -E  conftest.c
configure:6509: $? = 0
configure:6523: gcc -E  conftest.c
conftest.c:11:28: error: ac_nonexistent.h: No such file or directory
configure:6523: $? = 1
configure: failed program was:
| /* confdefs.h */
| #define PACKAGE_NAME "perceus"
| #define PACKAGE_TARNAME "perceus"
| #define PACKAGE_VERSION "1.6.0"
| #define PACKAGE_STRING "perceus 1.6.0"
| #define PACKAGE_BUGREPORT "gmk@infiscale.com"
| #define PACKAGE_URL ""
| #define PACKAGE "perceus"
| #define VERSION "1.6.0"
| /* end confdefs.h.  */
| #include <ac_nonexistent.h>
configure:6548: result: gcc -E
configure:6568: gcc -E  conftest.c
configure:6568: $? = 0
configure:6582: gcc -E  conftest.c
conftest.c:11:28: error: ac_nonexistent.h: No such file or directory
configure:6582: $? = 1
configure: failed program was:
| /* confdefs.h */
| #define PACKAGE_NAME "perceus"
| #define PACKAGE_TARNAME "perceus"
| #define PACKAGE_VERSION "1.6.0"
| #define PACKAGE_STRING "perceus 1.6.0"
| #define PACKAGE_BUGREPORT "gmk@infiscale.com"
| #define PACKAGE_URL ""
| #define PACKAGE "perceus"
| #define VERSION "1.6.0"
| /* end confdefs.h.  */
| #include <ac_nonexistent.h>
configure:6611: checking for ANSI C header files
configure:6631: gcc -c -g -O2  conftest.c >&5
configure:6631: $? = 0
configure:6704: gcc -o conftest -g -O2   conftest.c  >&5
configure:6704: $? = 0
configure:6704: ./conftest
configure:6704: $? = 0
configure:6715: result: yes
configure:6728: checking for sys/types.h
configure:6728: gcc -c -g -O2  conftest.c >&5
configure:6728: $? = 0
configure:6728: result: yes
configure:6728: checking for sys/stat.h
configure:6728: gcc -c -g -O2  conftest.c >&5
configure:6728: $? = 0
configure:6728: result: yes
configure:6728: checking for stdlib.h
configure:6728: gcc -c -g -O2  conftest.c >&5
configure:6728: $? = 0
configure:6728: result: yes
configure:6728: checking for string.h
configure:6728: gcc -c -g -O2  conftest.c >&5
configure:6728: $? = 0
configure:6728: result: yes
configure:6728: checking for memory.h
configure:6728: gcc -c -g -O2  conftest.c >&5
configure:6728: $? = 0
configure:6728: result: yes
configure:6728: checking for strings.h
configure:6728: gcc -c -g -O2  conftest.c >&5
configure:6728: $? = 0
configure:6728: result: yes
configure:6728: checking for inttypes.h
configure:6728: gcc -c -g -O2  conftest.c >&5
configure:6728: $? = 0
configure:6728: result: yes
configure:6728: checking for stdint.h
configure:6728: gcc -c -g -O2  conftest.c >&5
configure:6728: $? = 0
configure:6728: result: yes
configure:6728: checking for unistd.h
configure:6728: gcc -c -g -O2  conftest.c >&5
configure:6728: $? = 0
configure:6728: result: yes
configure:6742: checking for dlfcn.h
configure:6742: gcc -c -g -O2  conftest.c >&5
configure:6742: $? = 0
configure:6742: result: yes
configure:6926: checking for objdir
configure:6941: result: .libs
configure:7233: checking if gcc supports -fno-rtti -fno-exceptions
configure:7251: gcc -c -g -O2  -fno-rtti -fno-exceptions conftest.c >&5
cc1: warning: command line option "-fno-rtti" is valid for C++/ObjC++ but not for C
configure:7255: $? = 0
configure:7268: result: no
configure:7288: checking for gcc option to produce PIC
configure:7560: result: -fPIC -DPIC
configure:7572: checking if gcc PIC flag -fPIC -DPIC works
configure:7590: gcc -c -g -O2  -fPIC -DPIC -DPIC conftest.c >&5
configure:7594: $? = 0
configure:7607: result: yes
configure:7631: checking if gcc static flag -static works
configure:7659: result: yes
configure:7674: checking if gcc supports -c -o file.o
configure:7695: gcc -c -g -O2  -o out/conftest2.o conftest.c >&5
configure:7699: $? = 0
configure:7721: result: yes
configure:7729: checking if gcc supports -c -o file.o
configure:7776: result: yes
configure:7809: checking whether the gcc linker (/usr/bin/ld -m elf_x86_64) supports shared libraries
configure:8800: result: yes
configure:8837: checking whether -lc should be explicitly linked in
configure:8842: gcc -c -g -O2  conftest.c >&5
configure:8845: $? = 0
configure:8860: gcc -shared conftest.o  -v -Wl,-soname -Wl,conftest -o conftest 2\>\&1 \| /bin/grep  -lc  \>/dev/null 2\>\&1
configure:8863: $? = 0
configure:8875: result: no
configure:9039: checking dynamic linker characteristics
configure:9472: gcc -o conftest -g -O2   -Wl,-rpath -Wl,/foo conftest.c  >&5
configure:9472: $? = 0
configure:9702: result: GNU/Linux ld.so
configure:9804: checking how to hardcode library paths into programs
configure:9829: result: immediate
configure:10349: checking whether stripping libraries is possible
configure:10354: result: yes
configure:10389: checking if libtool supports shared libraries
configure:10391: result: yes
configure:10394: checking whether to build shared libraries
configure:10415: result: yes
configure:10418: checking whether to build static libraries
configure:10422: result: yes
configure:10505: checking for gcc
configure:10532: result: gcc
configure:10761: checking for C compiler version
configure:10770: gcc --version >&5
gcc (Debian 4.4.5-8) 4.4.5
Copyright (C) 2010 Free Software Foundation, Inc.
This is free software; see the source for copying conditions.  There is NO
warranty; not even for MERCHANTABILITY or FITNESS FOR A PARTICULAR PURPOSE.

configure:10781: $? = 0
configure:10770: gcc -v >&5
Using built-in specs.
Target: x86_64-linux-gnu
Configured with: ../src/configure -v --with-pkgversion='Debian 4.4.5-8' --with-bugurl=file:///usr/share/doc/gcc-4.4/README.Bugs --enable-languages=c,c++,fortran,objc,obj-c++ --prefix=/usr --program-suffix=-4.4 --enable-shared --enable-multiarch --enable-linker-build-id --with-system-zlib --libexecdir=/usr/lib --without-included-gettext --enable-threads=posix --with-gxx-include-dir=/usr/include/c++/4.4 --libdir=/usr/lib --enable-nls --enable-clocale=gnu --enable-libstdcxx-debug --enable-objc-gc --with-arch-32=i586 --with-tune=generic --enable-checking=release --build=x86_64-linux-gnu --host=x86_64-linux-gnu --target=x86_64-linux-gnu
Thread model: posix
gcc version 4.4.5 (Debian 4.4.5-8) 
configure:10781: $? = 0
configure:10770: gcc -V >&5
gcc: '-V' option must have argument
configure:10781: $? = 1
configure:10770: gcc -qversion >&5
gcc: unrecognized option '-qversion'
gcc: no input files
configure:10781: $? = 1
configure:10785: checking whether we are using the GNU C compiler
configure:10813: result: yes
configure:10822: checking whether gcc accepts -g
configure:10883: result: yes
configure:10900: checking for gcc option to accept ISO C89
configure:10977: result: none needed
configure:10999: checking dependency style of gcc
configure:11109: result: gcc3
configure:11158: checking libelf.h usability
configure:11158: gcc -c -g -O2  conftest.c >&5
configure:11158: $? = 0
configure:11158: result: yes
configure:11158: checking libelf.h presence
configure:11158: gcc -E  conftest.c
configure:11158: $? = 0
configure:11158: result: yes
configure:11158: checking for libelf.h
configure:11158: result: yes
configure:11169: checking openssl/rsa.h usability
configure:11169: gcc -c -g -O2  conftest.c >&5
configure:11169: $? = 0
configure:11169: result: yes
configure:11169: checking openssl/rsa.h presence
configure:11169: gcc -E  conftest.c
configure:11169: $? = 0
configure:11169: result: yes
configure:11169: checking for openssl/rsa.h
configure:11169: result: yes
configure:11180: checking openssl/sha.h usability
configure:11180: gcc -c -g -O2  conftest.c >&5
configure:11180: $? = 0
configure:11180: result: yes
configure:11180: checking openssl/sha.h presence
configure:11180: gcc -E  conftest.c
configure:11180: $? = 0
configure:11180: result: yes
configure:11180: checking for openssl/sha.h
configure:11180: result: yes
configure:11191: checking openssl/bn.h usability
configure:11191: gcc -c -g -O2  conftest.c >&5
configure:11191: $? = 0
configure:11191: result: yes
configure:11191: checking openssl/bn.h presence
configure:11191: gcc -E  conftest.c
configure:11191: $? = 0
configure:11191: result: yes
configure:11191: checking for openssl/bn.h
configure:11191: result: yes
configure:11202: checking openssl/pem.h usability
configure:11202: gcc -c -g -O2  conftest.c >&5
configure:11202: $? = 0
configure:11202: result: yes
configure:11202: checking openssl/pem.h presence
configure:11202: gcc -E  conftest.c
configure:11202: $? = 0
configure:11202: result: yes
configure:11202: checking for openssl/pem.h
configure:11202: result: yes
configure:11213: checking openssl/err.h usability
configure:11213: gcc -c -g -O2  conftest.c >&5
configure:11213: $? = 0
configure:11213: result: yes
configure:11213: checking openssl/err.h presence
configure:11213: gcc -E  conftest.c
configure:11213: $? = 0
configure:11213: result: yes
configure:11213: checking for openssl/err.h
configure:11213: result: yes
configure:11224: checking openssl/rand.h usability
configure:11224: gcc -c -g -O2  conftest.c >&5
configure:11224: $? = 0
configure:11224: result: yes
configure:11224: checking openssl/rand.h presence
configure:11224: gcc -E  conftest.c
configure:11224: $? = 0
configure:11224: result: yes
configure:11224: checking for openssl/rand.h
configure:11224: result: yes
configure:11236: checking how to link libz
configure:11243: result: /usr/lib/gcc/x86_64-linux-gnu/4.4.5/../../../../lib/libz.a
configure:11249: checking kernel headers for proper namespace functionality
configure:11272: result: ok
configure:11276: checking for initramfs arch
configure:11284: result: x86_64
configure:11289: checking for kernel config option
configure:11303: result: "kernel-x86_64.config"
configure:11351: checking for libc.so.6
configure:11355: result: /lib/../lib/libc.so.6
configure:11367: checking for ld-linux-x86-64.so.2
configure:11371: result: /lib/../lib/ld-linux-x86-64.so.2
configure:11382: checking for libnss_dns.so.*
configure:11392: result: /lib/../lib/libnss_dns.so.2
configure:11403: checking for libresolv.so.*
configure:11410: result: /lib/../lib/libresolv.so.2
configure:11421: checking for libpthread.so.*
configure:11425: result: /lib/../lib/libpthread.so.0
configure:11436: checking for libuuid.so.*
configure:11440: result: /lib/../lib/libuuid.so.1
configure:11451: checking for librt.so.*
configure:11455: result: /lib/../lib/librt.so.1
configure:11467: checking for Distribution of Linux
configure:11519: result: Debian
configure:11603: checking for nasm
configure:11621: found /usr/bin/nasm
configure:11633: result: /usr/bin/nasm
configure:11647: checking for perl
configure:11665: found /usr/bin/perl
configure:11677: result: /usr/bin/perl
configure:11691: checking for Unix::Syslog Perl module
configure:11704: result: ok
configure:11707: checking for IO::Interface Perl module
configure:11720: result: ok
configure:11723: checking for Net::ARP Perl module
configure:11736: result: ok
configure:11739: checking for IO::Socket Perl module
configure:11752: result: ok
configure:11755: checking for DBI Perl module
configure:11768: result: ok
configure:11771: checking for DB_File Perl module
configure:11784: result: ok
configure:11787: checking for Fcntl Perl module
configure:11800: result: ok
configure:11803: checking for File::Path Perl module
configure:11816: result: ok
configure:11819: checking for File::Basename Perl module
configure:11832: result: ok
configure:11835: checking for File::Copy Perl module
configure:11848: result: ok
configure:11851: checking for Getopt::Long Perl module
configure:11864: result: ok
configure:11868: checking for perceus version
configure:11871: result: 1.6.0
configure:11876: checking for perceus build
configure:11885: result: 0.2402M
configure:12150: creating ./config.status

## ---------------------- ##
## Running config.status. ##
## ---------------------- ##

This file was extended by perceus config.status 1.6.0, which was
generated by GNU Autoconf 2.67.  Invocation command line was

  CONFIG_FILES    = 
  CONFIG_HEADERS  = 
  CONFIG_LINKS    = 
  CONFIG_COMMANDS = 
  $ ./config.status 

on gravityos

config.status:1159: creating Makefile
config.status:1159: creating perceus.spec
config.status:1159: creating post/Makefile
config.status:1159: creating src/Makefile
config.status:1159: creating src/provisiond/Makefile
config.status:1159: creating src/ethinfo/Makefile
config.status:1159: creating src/detect/Makefile
config.status:1159: creating scripts/Makefile
config.status:1159: creating scripts/bin/Makefile
config.status:1159: creating scripts/demos/Makefile
config.status:1159: creating scripts/init.d/Makefile
config.status:1159: creating scripts/init.d/debian-perceus
config.status:1159: creating scripts/init.d/debian-provisiond
config.status:1159: creating scripts/init.d/gentoo-perceus
config.status:1159: creating scripts/init.d/gentoo-provisiond
config.status:1159: creating scripts/init.d/nsa-perceus
config.status:1159: creating scripts/init.d/nsa-provisiond
config.status:1159: creating scripts/init.d/redhat-perceus
config.status:1159: creating scripts/init.d/redhat-provisiond
config.status:1159: creating scripts/init.d/slackware-perceus
config.status:1159: creating scripts/init.d/slackware-provisiond
config.status:1159: creating scripts/init.d/suse-perceus
config.status:1159: creating scripts/init.d/suse-provisiond
config.status:1159: creating scripts/initramfs/Makefile
config.status:1159: creating scripts/initramfs/initramfs.conf
config.status:1159: creating scripts/lib/Makefile
config.status:1159: creating scripts/lib/Perceus/Makefile
config.status:1159: creating scripts/lib/Perceus/DB/Makefile
config.status:1159: creating scripts/lib/Perceus/Interface/Makefile
config.status:1159: creating scripts/share/Makefile
config.status:1159: creating scripts/nodescripts/Makefile
config.status:1159: creating scripts/cgi/Makefile
config.status:1159: creating etc/Perceus_Include.pm
config.status:1159: creating etc/Makefile
config.status:1159: creating images/Makefile
config.status:1159: creating 3rd_party/Makefile
config.status:1159: creating man/Makefile
config.status:1159: creating modules/Makefile
config.status:1159: creating modules/groupfile/Makefile
config.status:1159: creating modules/hostname/Makefile
config.status:1159: creating modules/ipaddr/Makefile
config.status:1159: creating modules/modprobe/Makefile
config.status:1159: creating modules/masterauth/Makefile
config.status:1159: creating modules/syncnodes/Makefile
config.status:1159: creating modules/passwdfile/Makefile
config.status:1159: creating modules/slurm/Makefile
config.status:1159: creating modules/stateful/Makefile
config.status:1159: creating docs/perceus-userguide.tex
config.status:1159: creating docs/perceus-nsa-quickstart.tex
config.status:1159: creating src/config.h
config.status:1387: executing depfiles commands
config.status:1387: executing libtool commands

## ---------------- ##
## Cache variables. ##
## ---------------- ##

ac_cv_build=x86_64-unknown-linux-gnu
ac_cv_c_compiler_gnu=yes
ac_cv_env_CC_set=
ac_cv_env_CC_value=
ac_cv_env_CFLAGS_set=set
ac_cv_env_CFLAGS_value='-g -O2'
ac_cv_env_CPPFLAGS_set=set
ac_cv_env_CPPFLAGS_value=
ac_cv_env_CPP_set=
ac_cv_env_CPP_value=
ac_cv_env_LDFLAGS_set=set
ac_cv_env_LDFLAGS_value=
ac_cv_env_LIBS_set=
ac_cv_env_LIBS_value=
ac_cv_env_build_alias_set=
ac_cv_env_build_alias_value=
ac_cv_env_host_alias_set=
ac_cv_env_host_alias_value=
ac_cv_env_target_alias_set=
ac_cv_env_target_alias_value=
ac_cv_header_dlfcn_h=yes
ac_cv_header_inttypes_h=yes
ac_cv_header_libelf_h=yes
ac_cv_header_memory_h=yes
ac_cv_header_openssl_bn_h=yes
ac_cv_header_openssl_err_h=yes
ac_cv_header_openssl_pem_h=yes
ac_cv_header_openssl_rand_h=yes
ac_cv_header_openssl_rsa_h=yes
ac_cv_header_openssl_sha_h=yes
ac_cv_header_stdc=yes
ac_cv_header_stdint_h=yes
ac_cv_header_stdlib_h=yes
ac_cv_header_string_h=yes
ac_cv_header_strings_h=yes
ac_cv_header_sys_stat_h=yes
ac_cv_header_sys_types_h=yes
ac_cv_header_unistd_h=yes
ac_cv_host=x86_64-unknown-linux-gnu
ac_cv_objext=o
ac_cv_path_EGREP='/bin/grep -E'
ac_cv_path_FGREP='/bin/grep -F'
ac_cv_path_GREP=/bin/grep
ac_cv_path_NASM=/usr/bin/nasm
ac_cv_path_PERLBIN=/usr/bin/perl
ac_cv_path_SED=/bin/sed
ac_cv_path_install='/usr/bin/install -c'
ac_cv_path_mkdir=/bin/mkdir
ac_cv_prog_AWK=gawk
ac_cv_prog_CPP='gcc -E'
ac_cv_prog_ac_ct_AR=ar
ac_cv_prog_ac_ct_CC=gcc
ac_cv_prog_ac_ct_OBJDUMP=objdump
ac_cv_prog_ac_ct_RANLIB=ranlib
ac_cv_prog_ac_ct_STRIP=strip
ac_cv_prog_cc_c89=
ac_cv_prog_cc_g=yes
ac_cv_prog_make_make_set=yes
am_cv_CC_dependencies_compiler_type=gcc3
lt_cv_deplibs_check_method=pass_all
lt_cv_file_magic_cmd='$MAGIC_CMD'
lt_cv_file_magic_test_file=
lt_cv_ld_reload_flag=-r
lt_cv_nm_interface='BSD nm'
lt_cv_objdir=.libs
lt_cv_path_LD=/usr/bin/ld
lt_cv_path_NM='/usr/bin/nm -B'
lt_cv_prog_compiler_c_o=yes
lt_cv_prog_compiler_pic_works=yes
lt_cv_prog_compiler_rtti_exceptions=no
lt_cv_prog_compiler_static_works=yes
lt_cv_prog_gnu_ld=yes
lt_cv_sys_global_symbol_pipe='sed -n -e '\''s/^.*[	 ]\([ABCDGIRSTW][ABCDGIRSTW]*\)[	 ][	 ]*\([_A-Za-z][_A-Za-z0-9]*\)$/\1 \2 \2/p'\'''
lt_cv_sys_global_symbol_to_c_name_address='sed -n -e '\''s/^: \([^ ]*\) $/  {\"\1\", (void *) 0},/p'\'' -e '\''s/^[ABCDGIRSTW]* \([^ ]*\) \([^ ]*\)$/  {"\2", (void *) \&\2},/p'\'''
lt_cv_sys_global_symbol_to_c_name_address_lib_prefix='sed -n -e '\''s/^: \([^ ]*\) $/  {\"\1\", (void *) 0},/p'\'' -e '\''s/^[ABCDGIRSTW]* \([^ ]*\) \(lib[^ ]*\)$/  {"\2", (void *) \&\2},/p'\'' -e '\''s/^[ABCDGIRSTW]* \([^ ]*\) \([^ ]*\)$/  {"lib\2", (void *) \&\2},/p'\'''
lt_cv_sys_global_symbol_to_cdecl='sed -n -e '\''s/^T .* \(.*\)$/extern int \1();/p'\'' -e '\''s/^[ABCDGIRSTW]* .* \(.*\)$/extern char \1;/p'\'''
lt_cv_sys_max_cmd_len=3458764513820540925

## ----------------- ##
## Output variables. ##
## ----------------- ##

ACLOCAL='${SHELL} /usr/src/perceus/1.6.2/missing --run aclocal-1.11'
AMDEPBACKSLASH='\'
AMDEP_FALSE='#'
AMDEP_TRUE=''
AMTAR='${SHELL} /usr/src/perceus/1.6.2/missing --run tar'
AR='ar'
AUTOCONF='${SHELL} /usr/src/perceus/1.6.2/missing --run autoconf'
AUTOHEADER='${SHELL} /usr/src/perceus/1.6.2/missing --run autoheader'
AUTOMAKE='${SHELL} /usr/src/perceus/1.6.2/missing --run automake-1.11'
AWK='gawk'
BINDIR=''
BUSYBOX_LIBS=' /lib/../lib/libc.so.6 /lib/../lib/ld-linux-x86-64.so.2 /lib/../lib/libnss_dns.so.2 /lib/../lib/libresolv.so.2 /lib/../lib/libpthread.so.0 /lib/../lib/libuuid.so.1 /lib/../lib/librt.so.1'
CC='gcc'
CCDEPMODE='depmode=gcc3'
CFLAGS='-g -O2'
CPP='gcc -E'
CPPFLAGS=''
CYGPATH_W='echo'
DEFS='-DHAVE_CONFIG_H'
DEPDIR='.deps'
DETECTSYSCONFIGDIR=''
DSYMUTIL=''
DUMPBIN=''
ECHO_C=''
ECHO_N='-n'
ECHO_T=''
EGREP='/bin/grep -E'
EXEEXT=''
FGREP='/bin/grep -F'
GREP='/bin/grep'
INSTALL_DATA='${INSTALL} -m 644'
INSTALL_PROGRAM='${INSTALL}'
INSTALL_SCRIPT='${INSTALL}'
INSTALL_STRIP_PROGRAM='$(install_sh) -c -s'
LD='/usr/bin/ld -m elf_x86_64'
LDFLAGS=''
LIBC='/lib/../lib/libc.so.6'
LIBDNS='/lib/../lib/libnss_dns.so.2'
LIBEXECDIR=''
LIBOBJS=''
LIBPTHREAD='/lib/../lib/libpthread.so.0'
LIBRESOLV='/lib/../lib/libresolv.so.2'
LIBRT='/lib/../lib/librt.so.1'
LIBS=''
LIBTOOL='$(SHELL) $(top_builddir)/libtool'
LIBUUID='/lib/../lib/libuuid.so.1'
LIB_LD='/lib/../lib/ld-linux-x86-64.so.2'
LINK_LIBZ='/usr/lib/gcc/x86_64-linux-gnu/4.4.5/../../../../lib/libz.a'
LIPO=''
LN_S='ln -s'
LOCALSTATEDIR=''
LTLIBOBJS=''
MAKEINFO='${SHELL} /usr/src/perceus/1.6.2/missing --run makeinfo'
MKDIR_P='/bin/mkdir -p'
NASM='/usr/bin/nasm'
NM='/usr/bin/nm -B'
NMEDIT=''
OBJDUMP='objdump'
OBJEXT='o'
OTOOL64=''
OTOOL=''
PACKAGE='perceus'
PACKAGE_BUGREPORT='gmk@infiscale.com'
PACKAGE_NAME='perceus'
PACKAGE_STRING='perceus 1.6.0'
PACKAGE_TARNAME='perceus'
PACKAGE_URL=''
PACKAGE_VERSION='1.6.0'
PATH_SEPARATOR=':'
PERCEUSSBINDIR=''
PERLBIN='/usr/bin/perl'
RANLIB='ranlib'
SED='/bin/sed'
SET_MAKE=''
SHELL='/bin/bash'
STRIP='strip'
VERSION='1.6.0'
ac_ct_CC='gcc'
ac_ct_DUMPBIN=''
am__EXEEXT_FALSE=''
am__EXEEXT_TRUE='#'
am__fastdepCC_FALSE='#'
am__fastdepCC_TRUE=''
am__include='include'
am__isrc=''
am__leading_dot='.'
am__quote=''
am__tar='${AMTAR} chof - "$$tardir"'
am__untar='${AMTAR} xf -'
bindir='${exec_prefix}/bin'
build='x86_64-unknown-linux-gnu'
build_alias=''
build_cpu='x86_64'
build_initramfs_tools='build-initramfs-tools'
build_os='linux-gnu'
build_vendor='unknown'
busybox_conditional_patches=''
busybox_config='busybox-default.config'
datadir='${datarootdir}'
datarootdir='${prefix}/share'
detect_sbindir=''
docdir='${datarootdir}/doc/${PACKAGE_TARNAME}'
dvidir='${docdir}'
enable_gpxe=''
exec_prefix='${prefix}'
host='x86_64-unknown-linux-gnu'
host_alias=''
host_cpu='x86_64'
host_os='linux-gnu'
host_vendor='unknown'
htmldir='${docdir}'
includedir='${prefix}/include'
infodir='${datarootdir}/info'
initfs_arch='x86_64'
install_sh='${SHELL} /usr/src/perceus/1.6.2/install-sh'
kconfig='configs/kernel-x86_64.config'
libdir='${exec_prefix}/lib'
libdirname='lib64'
libexecdir='${exec_prefix}/libexec'
localedir='${datarootdir}/locale'
localstatedir='${prefix}/var'
lt_ECHO='echo'
mandir='${datarootdir}/man'
mkdir_p='/bin/mkdir -p'
oldincludedir='/usr/include'
pdfdir='${docdir}'
perceus_build='0.2402M'
perceus_distribution_release_file='/etc/debian_version'
perceus_inetd_restart='killall -HUP xinetd inetd 2>/dev/null'
perceus_init_format='debian'
perceus_operating_system='Debian'
perceus_release='0.2402M'
perceus_service_off='/sbin/rc-update del {service} default'
perceus_service_on='/sbin/rc-update add {service} default'
perceus_service_start='/etc/init.d/{service} start'
perceus_service_stop='/etc/init.d/{service} stop'
perceus_version='1.6.0'
prefix='/usr'
program_transform_name='s,x,x,'
psdir='${docdir}'
sbindir='${exec_prefix}/sbin'
sharedstatedir='${prefix}/com'
sysconfdir='/etc'
target_alias=''
uclibc_build=''
uclibc_deps=''

## ----------- ##
## confdefs.h. ##
## ----------- ##

/* confdefs.h */
#define PACKAGE_NAME "perceus"
#define PACKAGE_TARNAME "perceus"
#define PACKAGE_VERSION "1.6.0"
#define PACKAGE_STRING "perceus 1.6.0"
#define PACKAGE_BUGREPORT "gmk@infiscale.com"
#define PACKAGE_URL ""
#define PACKAGE "perceus"
#define VERSION "1.6.0"
#define STDC_HEADERS 1
#define HAVE_SYS_TYPES_H 1
#define HAVE_SYS_STAT_H 1
#define HAVE_STDLIB_H 1
#define HAVE_STRING_H 1
#define HAVE_MEMORY_H 1
#define HAVE_STRINGS_H 1
#define HAVE_INTTYPES_H 1
#define HAVE_STDINT_H 1
#define HAVE_UNISTD_H 1
#define HAVE_DLFCN_H 1
#define LT_OBJDIR ".libs/"
#define DETECTSYSCONFIGDIR "/etc/detect"
#define BINDIR "/usr/bin"
#define SBINDIR "/usr/sbin"
#define LOCALSTATEDIR "/usr/var"
#define LIBEXECDIR "/usr/libexec"

configure: exit 0
